Debug|Reading config...
Debug|Reading referenced images from 'penguins'
Trace|Loading resources for 2 'Background'
Trace|Loading resources for 2.1 'ImageBasic'
Trace|Loading image 0...
Trace|Image was loaded from file penguins\0000.png
Trace|Loading resources for 3 'Time'
Trace|Loading resources for 3.1 'TwoDigits'
Trace|Loading resources for 3.1.1 'ImageSet'
Trace|Loading image 1...
Trace|Image was loaded from file penguins\0001.png
Trace|Loading image 2...
Trace|Image was loaded from file penguins\0002.png
Trace|Loading image 3...
Trace|Image was loaded from file penguins\0003.png
Trace|Loading image 4...
Trace|Image was loaded from file penguins\0004.png
Trace|Loading image 5...
Trace|Image was loaded from file penguins\0005.png
Trace|Loading image 6...
Trace|Image was loaded from file penguins\0006.png
Trace|Loading image 7...
Trace|Image was loaded from file penguins\0007.png
Trace|Loading image 8...
Trace|Image was loaded from file penguins\0008.png
Trace|Loading image 9...
Trace|Image was loaded from file penguins\0009.png
Trace|Loading image 10...
Trace|Image was loaded from file penguins\0010.png
Trace|Loading resources for 3.1.2 'ImageSet'
Trace|Loading resources for 3.2 'TwoDigits'
Trace|Loading resources for 3.2.1 'ImageSet'
Trace|Loading resources for 3.2.2 'ImageSet'
Trace|Loading resources for 5 'Date'
Trace|Loading resources for 5.1 'MonthAndDay'
Trace|Loading resources for 5.1.1 'SeparateMonthAndDay'
Trace|Loading resources for 5.1.1.3 'Number'
Trace|Loading resources for 5.1.1.3.5 'TextAlignment'
Trace|Loading image 11...
Trace|Image was loaded from file penguins\0011.png
Trace|Loading image 12...
Trace|Image was loaded from file penguins\0012.png
Trace|Loading image 13...
Trace|Image was loaded from file penguins\0013.png
Trace|Loading image 14...
Trace|Image was loaded from file penguins\0014.png
Trace|Loading image 15...
Trace|Image was loaded from file penguins\0015.png
Trace|Loading image 16...
Trace|Image was loaded from file penguins\0016.png
Trace|Loading image 17...
Trace|Image was loaded from file penguins\0017.png
Trace|Loading image 18...
Trace|Image was loaded from file penguins\0018.png
Trace|Loading image 19...
Trace|Image was loaded from file penguins\0019.png
Trace|Loading image 20...
Trace|Image was loaded from file penguins\0020.png
Trace|Loading resources for 5.1.3 'Boolean'
Trace|Loading resources for 5.1.4 'Boolean'
Trace|Building parameters for watch face...
Trace|2.1.1 'X': 0
Trace|2.1.2 'Y': 0
Trace|2.1.3 'ImageIndex': 0
Trace|2.1 'Image'
Trace|2 'Background'
Trace|3.1.1.1 'X': 5
Trace|3.1.1.2 'Y': 5
Trace|3.1.1.3 'ImageIndex': 1
Trace|3.1.1.4 'ImagesCount': 10
Trace|3.1.1 'Tens'
Trace|3.1.2.1 'X': 50
Trace|3.1.2.2 'Y': 5
Trace|3.1.2.3 'ImageIndex': 1
Trace|3.1.2.4 'ImagesCount': 10
Trace|3.1.2 'Ones'
Trace|3.1 'Hours'
Trace|3.2.1.1 'X': 5
Trace|3.2.1.2 'Y': 50
Trace|3.2.1.3 'ImageIndex': 1
Trace|3.2.1.4 'ImagesCount': 10
Trace|3.2.1 'Tens'
Trace|3.2.2.1 'X': 50
Trace|3.2.2.2 'Y': 50
Trace|3.2.2.3 'ImageIndex': 1
Trace|3.2.2.4 'ImagesCount': 10
Trace|3.2.2 'Ones'
Trace|3.2 'Minutes'
Trace|3 'Time'
Trace|5.1.1.3.1 'TopLeftX': 85
Trace|5.1.1.3.2 'TopLeftY': 140
Trace|5.1.1.3.3 'BottomRightX': 0
Trace|5.1.1.3.4 'BottomRightY': 0
Trace|5.1.1.3.5 'Alignment': 18
Trace|5.1.1.3.6 'Spacing': 0
Trace|5.1.1.3.7 'ImageIndex': 11
Trace|5.1.1.3.8 'ImagesCount': 10
Trace|5.1.1.3 'Day'
Trace|5.1.1 'Separate'
Trace|5.1.3 'TwoDigitsMonth': 0
Trace|5.1.4 'TwoDigitsDay': 1
Trace|5.1 'MonthAndDay'
Trace|5 'Date'
Debug|Generating previews...
Debug|Writing watch face to 'penguins\penguins_packed.bin'
Trace|Encoding parameters...
Trace|Parameter: 2
Trace|1 (0A):
Trace|    1 (08): 0 (00)
Trace|    2 (10): 0 (00)
Trace|    3 (18): 0 (00)
Trace|8 bytes
Trace|Parameter: 3
Trace|1 (0A):
Trace|    1 (0A):
Trace|        1 (08): 5 (05)
Trace|        2 (10): 5 (05)
Trace|        3 (18): 1 (01)
Trace|        4 (20): 10 (0A)
Trace|    10 bytes
Trace|    2 (12):
Trace|        1 (08): 50 (32)
Trace|        2 (10): 5 (05)
Trace|        3 (18): 1 (01)
Trace|        4 (20): 10 (0A)
Trace|    10 bytes
Trace|22 bytes
Trace|2 (12):
Trace|    1 (0A):
Trace|        1 (08): 5 (05)
Trace|        2 (10): 50 (32)
Trace|        3 (18): 1 (01)
Trace|        4 (20): 10 (0A)
Trace|    10 bytes
Trace|    2 (12):
Trace|        1 (08): 50 (32)
Trace|        2 (10): 50 (32)
Trace|        3 (18): 1 (01)
Trace|        4 (20): 10 (0A)
Trace|    10 bytes
Trace|22 bytes
Trace|Parameter: 5
Trace|1 (0A):
Trace|    1 (0A):
Trace|        3 (1A):
Trace|            1 (08): 85 (55)
Trace|            2 (10): 140 (8C)
Trace|            3 (18): 0 (00)
Trace|            4 (20): 0 (00)
Trace|            5 (28): 18 (12)
Trace|            6 (30): 0 (00)
Trace|            7 (38): 11 (0B)
Trace|            8 (40): 10 (0A)
Trace|        19 bytes
Trace|    21 bytes
Trace|    3 (18): 0 (00)
Trace|    4 (20): 1 (01)
Trace|27 bytes
Trace|Encoding offsets and lengths...
Trace|1 (0A):
Trace|    1 (08): 79 (4F)
Trace|    2 (10): 21 (15)
Trace|6 bytes
Trace|2 (12):
Trace|    1 (08): 0 (00)
Trace|    2 (10): 8 (08)
Trace|6 bytes
Trace|3 (1A):
Trace|    1 (08): 8 (08)
Trace|    2 (10): 44 (2C)
Trace|6 bytes
Trace|5 (2A):
Trace|    1 (08): 52 (34)
Trace|    2 (10): 27 (1B)
Trace|6 bytes
Trace|Writing header...
Trace|Writing parameters offsets and lengths...
Trace|Writing parameters...
Trace|Writing images...
Trace|Resource 0 offset is 0...
Debug|Encoding resource 0...
Trace|Writing image in Raw mode
Trace|No Transparency image...
Trace|Writing image header...
Trace|Width: 120, Height: 240, RowLength: 240
Trace|BPP: 16, PaletteColors: 0, Transaparency: 0
Trace|Writing image...
Trace|Resource 1 offset is 57616...
Debug|Encoding resource 1...
Trace|Writing image in Raw mode
Trace|Transparency image...
Trace|Writing image header...
Trace|Width: 40, Height: 50, RowLength: 160
Trace|BPP: 32, PaletteColors: 0, Transaparency: 0
Trace|Writing image...
Trace|Resource 2 offset is 65632...
Debug|Encoding resource 2...
Trace|Writing image in Raw mode
Trace|Transparency image...
Trace|Writing image header...
Trace|Width: 40, Height: 50, RowLength: 160
Trace|BPP: 32, PaletteColors: 0, Transaparency: 0
Trace|Writing image...
Trace|Resource 3 offset is 73648...
Debug|Encoding resource 3...
Trace|Writing image in Raw mode
Trace|Transparency image...
Trace|Writing image header...
Trace|Width: 40, Height: 50, RowLength: 160
Trace|BPP: 32, PaletteColors: 0, Transaparency: 0
Trace|Writing image...
Trace|Resource 4 offset is 81664...
Debug|Encoding resource 4...
Trace|Writing image in Raw mode
Trace|Transparency image...
Trace|Writing image header...
Trace|Width: 40, Height: 50, RowLength: 160
Trace|BPP: 32, PaletteColors: 0, Transaparency: 0
Trace|Writing image...
Trace|Resource 5 offset is 89680...
Debug|Encoding resource 5...
Trace|Writing image in Raw mode
Trace|Transparency image...
Trace|Writing image header...
Trace|Width: 40, Height: 50, RowLength: 160
Trace|BPP: 32, PaletteColors: 0, Transaparency: 0
Trace|Writing image...
Trace|Resource 6 offset is 97696...
Debug|Encoding resource 6...
Trace|Writing image in Raw mode
Trace|Transparency image...
Trace|Writing image header...
Trace|Width: 40, Height: 50, RowLength: 160
Trace|BPP: 32, PaletteColors: 0, Transaparency: 0
Trace|Writing image...
Trace|Resource 7 offset is 105712...
Debug|Encoding resource 7...
Trace|Writing image in Raw mode
Trace|Transparency image...
Trace|Writing image header...
Trace|Width: 40, Height: 50, RowLength: 160
Trace|BPP: 32, PaletteColors: 0, Transaparency: 0
Trace|Writing image...
Trace|Resource 8 offset is 113728...
Debug|Encoding resource 8...
Trace|Writing image in Raw mode
Trace|Transparency image...
Trace|Writing image header...
Trace|Width: 40, Height: 50, RowLength: 160
Trace|BPP: 32, PaletteColors: 0, Transaparency: 0
Trace|Writing image...
Trace|Resource 9 offset is 121744...
Debug|Encoding resource 9...
Trace|Writing image in Raw mode
Trace|Transparency image...
Trace|Writing image header...
Trace|Width: 40, Height: 50, RowLength: 160
Trace|BPP: 32, PaletteColors: 0, Transaparency: 0
Trace|Writing image...
Trace|Resource 10 offset is 129760...
Debug|Encoding resource 10...
Trace|Writing image in Raw mode
Trace|Transparency image...
Trace|Writing image header...
Trace|Width: 40, Height: 50, RowLength: 160
Trace|BPP: 32, PaletteColors: 0, Transaparency: 0
Trace|Writing image...
Trace|Resource 11 offset is 137776...
Debug|Encoding resource 11...
Trace|Writing image in Raw mode
Trace|Transparency image...
Trace|Writing image header...
Trace|Width: 13, Height: 19, RowLength: 52
Trace|BPP: 32, PaletteColors: 0, Transaparency: 0
Trace|Writing image...
Trace|Resource 12 offset is 138780...
Debug|Encoding resource 12...
Trace|Writing image in Raw mode
Trace|Transparency image...
Trace|Writing image header...
Trace|Width: 13, Height: 19, RowLength: 52
Trace|BPP: 32, PaletteColors: 0, Transaparency: 0
Trace|Writing image...
Trace|Resource 13 offset is 139784...
Debug|Encoding resource 13...
Trace|Writing image in Raw mode
Trace|Transparency image...
Trace|Writing image header...
Trace|Width: 13, Height: 19, RowLength: 52
Trace|BPP: 32, PaletteColors: 0, Transaparency: 0
Trace|Writing image...
Trace|Resource 14 offset is 140788...
Debug|Encoding resource 14...
Trace|Writing image in Raw mode
Trace|Transparency image...
Trace|Writing image header...
Trace|Width: 13, Height: 19, RowLength: 52
Trace|BPP: 32, PaletteColors: 0, Transaparency: 0
Trace|Writing image...
Trace|Resource 15 offset is 141792...
Debug|Encoding resource 15...
Trace|Writing image in Raw mode
Trace|Transparency image...
Trace|Writing image header...
Trace|Width: 13, Height: 19, RowLength: 52
Trace|BPP: 32, PaletteColors: 0, Transaparency: 0
Trace|Writing image...
Trace|Resource 16 offset is 142796...
Debug|Encoding resource 16...
Trace|Writing image in Raw mode
Trace|Transparency image...
Trace|Writing image header...
Trace|Width: 13, Height: 19, RowLength: 52
Trace|BPP: 32, PaletteColors: 0, Transaparency: 0
Trace|Writing image...
Trace|Resource 17 offset is 143800...
Debug|Encoding resource 17...
Trace|Writing image in Raw mode
Trace|Transparency image...
Trace|Writing image header...
Trace|Width: 13, Height: 19, RowLength: 52
Trace|BPP: 32, PaletteColors: 0, Transaparency: 0
Trace|Writing image...
Trace|Resource 18 offset is 144804...
Debug|Encoding resource 18...
Trace|Writing image in Raw mode
Trace|Transparency image...
Trace|Writing image header...
Trace|Width: 13, Height: 19, RowLength: 52
Trace|BPP: 32, PaletteColors: 0, Transaparency: 0
Trace|Writing image...
Trace|Resource 19 offset is 145808...
Debug|Encoding resource 19...
Trace|Writing image in Raw mode
Trace|Transparency image...
Trace|Writing image header...
Trace|Width: 13, Height: 19, RowLength: 52
Trace|BPP: 32, PaletteColors: 0, Transaparency: 0
Trace|Writing image...
Trace|Resource 20 offset is 146812...
Debug|Encoding resource 20...
Trace|Writing image in Raw mode
Trace|Transparency image...
Trace|Writing image header...
Trace|Width: 13, Height: 19, RowLength: 52
Trace|BPP: 32, PaletteColors: 0, Transaparency: 0
Trace|Writing image...
Trace|Writing resources offsets table
Debug|Writing resources
Debug|Reading config...
Debug|Reading referenced images from 'penguins'
Trace|Loading resources for 2 'Background'
Trace|Loading resources for 2.1 'ImageBasic'
Trace|Loading image 0...
Trace|Image was loaded from file penguins\0000.png
Trace|Loading resources for 3 'Time'
Trace|Loading resources for 3.1 'TwoDigits'
Trace|Loading resources for 3.1.1 'ImageSet'
Trace|Loading image 1...
Trace|Image was loaded from file penguins\0001.png
Trace|Loading image 2...
Trace|Image was loaded from file penguins\0002.png
Trace|Loading image 3...
Trace|Image was loaded from file penguins\0003.png
Trace|Loading image 4...
Trace|Image was loaded from file penguins\0004.png
Trace|Loading image 5...
Trace|Image was loaded from file penguins\0005.png
Trace|Loading image 6...
Trace|Image was loaded from file penguins\0006.png
Trace|Loading image 7...
Trace|Image was loaded from file penguins\0007.png
Trace|Loading image 8...
Trace|Image was loaded from file penguins\0008.png
Trace|Loading image 9...
Trace|Image was loaded from file penguins\0009.png
Trace|Loading image 10...
Trace|Image was loaded from file penguins\0010.png
Trace|Loading resources for 3.1.2 'ImageSet'
Trace|Loading resources for 3.2 'TwoDigits'
Trace|Loading resources for 3.2.1 'ImageSet'
Trace|Loading resources for 3.2.2 'ImageSet'
Trace|Loading resources for 5 'Date'
Trace|Loading resources for 5.1 'MonthAndDay'
Trace|Loading resources for 5.1.1 'SeparateMonthAndDay'
Trace|Loading resources for 5.1.1.3 'Number'
Trace|Loading resources for 5.1.1.3.5 'TextAlignment'
Trace|Loading image 11...
Trace|Image was loaded from file penguins\0011.png
Trace|Loading image 12...
Trace|Image was loaded from file penguins\0012.png
Trace|Loading image 13...
Trace|Image was loaded from file penguins\0013.png
Trace|Loading image 14...
Trace|Image was loaded from file penguins\0014.png
Trace|Loading image 15...
Trace|Image was loaded from file penguins\0015.png
Trace|Loading image 16...
Trace|Image was loaded from file penguins\0016.png
Trace|Loading image 17...
Trace|Image was loaded from file penguins\0017.png
Trace|Loading image 18...
Trace|Image was loaded from file penguins\0018.png
Trace|Loading image 19...
Trace|Image was loaded from file penguins\0019.png
Trace|Loading image 20...
Trace|Image was loaded from file penguins\0020.png
Trace|Loading resources for 5.1.3 'Boolean'
Trace|Loading resources for 5.1.4 'Boolean'
Trace|Building parameters for watch face...
Trace|2.1.1 'X': 0
Trace|2.1.2 'Y': 0
Trace|2.1.3 'ImageIndex': 0
Trace|2.1 'Image'
Trace|2 'Background'
Trace|3.1.1.1 'X': 5
Trace|3.1.1.2 'Y': 5
Trace|3.1.1.3 'ImageIndex': 1
Trace|3.1.1.4 'ImagesCount': 10
Trace|3.1.1 'Tens'
Trace|3.1.2.1 'X': 50
Trace|3.1.2.2 'Y': 5
Trace|3.1.2.3 'ImageIndex': 1
Trace|3.1.2.4 'ImagesCount': 10
Trace|3.1.2 'Ones'
Trace|3.1 'Hours'
Trace|3.2.1.1 'X': 5
Trace|3.2.1.2 'Y': 50
Trace|3.2.1.3 'ImageIndex': 1
Trace|3.2.1.4 'ImagesCount': 10
Trace|3.2.1 'Tens'
Trace|3.2.2.1 'X': 50
Trace|3.2.2.2 'Y': 50
Trace|3.2.2.3 'ImageIndex': 1
Trace|3.2.2.4 'ImagesCount': 10
Trace|3.2.2 'Ones'
Trace|3.2 'Minutes'
Trace|3 'Time'
Trace|5.1.1.3.1 'TopLeftX': 85
Trace|5.1.1.3.2 'TopLeftY': 140
Trace|5.1.1.3.3 'BottomRightX': 0
Trace|5.1.1.3.4 'BottomRightY': 0
Trace|5.1.1.3.5 'Alignment': 18
Trace|5.1.1.3.6 'Spacing': 0
Trace|5.1.1.3.7 'ImageIndex': 11
Trace|5.1.1.3.8 'ImagesCount': 10
Trace|5.1.1.3 'Day'
Trace|5.1.1 'Separate'
Trace|5.1.3 'TwoDigitsMonth': 0
Trace|5.1.4 'TwoDigitsDay': 1
Trace|5.1 'MonthAndDay'
Trace|5 'Date'
Debug|Generating previews...
Debug|Writing watch face to 'penguins\penguins_packed.bin'
Trace|Encoding parameters...
Trace|Parameter: 2
Trace|1 (0A):
Trace|    1 (08): 0 (00)
Trace|    2 (10): 0 (00)
Trace|    3 (18): 0 (00)
Trace|8 bytes
Trace|Parameter: 3
Trace|1 (0A):
Trace|    1 (0A):
Trace|        1 (08): 5 (05)
Trace|        2 (10): 5 (05)
Trace|        3 (18): 1 (01)
Trace|        4 (20): 10 (0A)
Trace|    10 bytes
Trace|    2 (12):
Trace|        1 (08): 50 (32)
Trace|        2 (10): 5 (05)
Trace|        3 (18): 1 (01)
Trace|        4 (20): 10 (0A)
Trace|    10 bytes
Trace|22 bytes
Trace|2 (12):
Trace|    1 (0A):
Trace|        1 (08): 5 (05)
Trace|        2 (10): 50 (32)
Trace|        3 (18): 1 (01)
Trace|        4 (20): 10 (0A)
Trace|    10 bytes
Trace|    2 (12):
Trace|        1 (08): 50 (32)
Trace|        2 (10): 50 (32)
Trace|        3 (18): 1 (01)
Trace|        4 (20): 10 (0A)
Trace|    10 bytes
Trace|22 bytes
Trace|Parameter: 5
Trace|1 (0A):
Trace|    1 (0A):
Trace|        3 (1A):
Trace|            1 (08): 85 (55)
Trace|            2 (10): 140 (8C)
Trace|            3 (18): 0 (00)
Trace|            4 (20): 0 (00)
Trace|            5 (28): 18 (12)
Trace|            6 (30): 0 (00)
Trace|            7 (38): 11 (0B)
Trace|            8 (40): 10 (0A)
Trace|        19 bytes
Trace|    21 bytes
Trace|    3 (18): 0 (00)
Trace|    4 (20): 1 (01)
Trace|27 bytes
Trace|Encoding offsets and lengths...
Trace|1 (0A):
Trace|    1 (08): 79 (4F)
Trace|    2 (10): 21 (15)
Trace|6 bytes
Trace|2 (12):
Trace|    1 (08): 0 (00)
Trace|    2 (10): 8 (08)
Trace|6 bytes
Trace|3 (1A):
Trace|    1 (08): 8 (08)
Trace|    2 (10): 44 (2C)
Trace|6 bytes
Trace|5 (2A):
Trace|    1 (08): 52 (34)
Trace|    2 (10): 27 (1B)
Trace|6 bytes
Trace|Writing header...
Trace|Writing parameters offsets and lengths...
Trace|Writing parameters...
Trace|Writing images...
Trace|Resource 0 offset is 0...
Debug|Encoding resource 0...
Trace|Writing image in Raw mode
Trace|No Transparency image...
Trace|Writing image header...
Trace|Width: 120, Height: 240, RowLength: 240
Trace|BPP: 16, PaletteColors: 0, Transaparency: 0
Trace|Writing image...
Trace|Resource 1 offset is 57616...
Debug|Encoding resource 1...
Trace|Writing image in Raw mode
Trace|Transparency image...
Trace|Writing image header...
Trace|Width: 40, Height: 50, RowLength: 160
Trace|BPP: 32, PaletteColors: 0, Transaparency: 0
Trace|Writing image...
Trace|Resource 2 offset is 65632...
Debug|Encoding resource 2...
Trace|Writing image in Raw mode
Trace|Transparency image...
Trace|Writing image header...
Trace|Width: 40, Height: 50, RowLength: 160
Trace|BPP: 32, PaletteColors: 0, Transaparency: 0
Trace|Writing image...
Trace|Resource 3 offset is 73648...
Debug|Encoding resource 3...
Trace|Writing image in Raw mode
Trace|Transparency image...
Trace|Writing image header...
Trace|Width: 40, Height: 50, RowLength: 160
Trace|BPP: 32, PaletteColors: 0, Transaparency: 0
Trace|Writing image...
Trace|Resource 4 offset is 81664...
Debug|Encoding resource 4...
Trace|Writing image in Raw mode
Trace|Transparency image...
Trace|Writing image header...
Trace|Width: 40, Height: 50, RowLength: 160
Trace|BPP: 32, PaletteColors: 0, Transaparency: 0
Trace|Writing image...
Trace|Resource 5 offset is 89680...
Debug|Encoding resource 5...
Trace|Writing image in Raw mode
Trace|Transparency image...
Trace|Writing image header...
Trace|Width: 40, Height: 50, RowLength: 160
Trace|BPP: 32, PaletteColors: 0, Transaparency: 0
Trace|Writing image...
Trace|Resource 6 offset is 97696...
Debug|Encoding resource 6...
Trace|Writing image in Raw mode
Trace|Transparency image...
Trace|Writing image header...
Trace|Width: 40, Height: 50, RowLength: 160
Trace|BPP: 32, PaletteColors: 0, Transaparency: 0
Trace|Writing image...
Trace|Resource 7 offset is 105712...
Debug|Encoding resource 7...
Trace|Writing image in Raw mode
Trace|Transparency image...
Trace|Writing image header...
Trace|Width: 40, Height: 50, RowLength: 160
Trace|BPP: 32, PaletteColors: 0, Transaparency: 0
Trace|Writing image...
Trace|Resource 8 offset is 113728...
Debug|Encoding resource 8...
Trace|Writing image in Raw mode
Trace|Transparency image...
Trace|Writing image header...
Trace|Width: 40, Height: 50, RowLength: 160
Trace|BPP: 32, PaletteColors: 0, Transaparency: 0
Trace|Writing image...
Trace|Resource 9 offset is 121744...
Debug|Encoding resource 9...
Trace|Writing image in Raw mode
Trace|Transparency image...
Trace|Writing image header...
Trace|Width: 40, Height: 50, RowLength: 160
Trace|BPP: 32, PaletteColors: 0, Transaparency: 0
Trace|Writing image...
Trace|Resource 10 offset is 129760...
Debug|Encoding resource 10...
Trace|Writing image in Raw mode
Trace|Transparency image...
Trace|Writing image header...
Trace|Width: 40, Height: 50, RowLength: 160
Trace|BPP: 32, PaletteColors: 0, Transaparency: 0
Trace|Writing image...
Trace|Resource 11 offset is 137776...
Debug|Encoding resource 11...
Trace|Writing image in Raw mode
Trace|Transparency image...
Trace|Writing image header...
Trace|Width: 13, Height: 19, RowLength: 52
Trace|BPP: 32, PaletteColors: 0, Transaparency: 0
Trace|Writing image...
Trace|Resource 12 offset is 138780...
Debug|Encoding resource 12...
Trace|Writing image in Raw mode
Trace|Transparency image...
Trace|Writing image header...
Trace|Width: 13, Height: 19, RowLength: 52
Trace|BPP: 32, PaletteColors: 0, Transaparency: 0
Trace|Writing image...
Trace|Resource 13 offset is 139784...
Debug|Encoding resource 13...
Trace|Writing image in Raw mode
Trace|Transparency image...
Trace|Writing image header...
Trace|Width: 13, Height: 19, RowLength: 52
Trace|BPP: 32, PaletteColors: 0, Transaparency: 0
Trace|Writing image...
Trace|Resource 14 offset is 140788...
Debug|Encoding resource 14...
Trace|Writing image in Raw mode
Trace|Transparency image...
Trace|Writing image header...
Trace|Width: 13, Height: 19, RowLength: 52
Trace|BPP: 32, PaletteColors: 0, Transaparency: 0
Trace|Writing image...
Trace|Resource 15 offset is 141792...
Debug|Encoding resource 15...
Trace|Writing image in Raw mode
Trace|Transparency image...
Trace|Writing image header...
Trace|Width: 13, Height: 19, RowLength: 52
Trace|BPP: 32, PaletteColors: 0, Transaparency: 0
Trace|Writing image...
Trace|Resource 16 offset is 142796...
Debug|Encoding resource 16...
Trace|Writing image in Raw mode
Trace|Transparency image...
Trace|Writing image header...
Trace|Width: 13, Height: 19, RowLength: 52
Trace|BPP: 32, PaletteColors: 0, Transaparency: 0
Trace|Writing image...
Trace|Resource 17 offset is 143800...
Debug|Encoding resource 17...
Trace|Writing image in Raw mode
Trace|Transparency image...
Trace|Writing image header...
Trace|Width: 13, Height: 19, RowLength: 52
Trace|BPP: 32, PaletteColors: 0, Transaparency: 0
Trace|Writing image...
Trace|Resource 18 offset is 144804...
Debug|Encoding resource 18...
Trace|Writing image in Raw mode
Trace|Transparency image...
Trace|Writing image header...
Trace|Width: 13, Height: 19, RowLength: 52
Trace|BPP: 32, PaletteColors: 0, Transaparency: 0
Trace|Writing image...
Trace|Resource 19 offset is 145808...
Debug|Encoding resource 19...
Trace|Writing image in Raw mode
Trace|Transparency image...
Trace|Writing image header...
Trace|Width: 13, Height: 19, RowLength: 52
Trace|BPP: 32, PaletteColors: 0, Transaparency: 0
Trace|Writing image...
Trace|Resource 20 offset is 146812...
Debug|Encoding resource 20...
Trace|Writing image in Raw mode
Trace|Transparency image...
Trace|Writing image header...
Trace|Width: 13, Height: 19, RowLength: 52
Trace|BPP: 32, PaletteColors: 0, Transaparency: 0
Trace|Writing image...
Trace|Writing resources offsets table
Debug|Writing resources
Debug|Reading config...
Debug|Reading referenced images from 'penguins'
Trace|Loading resources for 2 'Background'
Trace|Loading resources for 2.1 'ImageBasic'
Trace|Loading image 0...
Trace|Image was loaded from file penguins\0000.png
Trace|Loading resources for 3 'Time'
Trace|Loading resources for 3.1 'TwoDigits'
Trace|Loading resources for 3.1.1 'ImageSet'
Trace|Loading image 1...
Trace|Image was loaded from file penguins\0001.png
Trace|Loading image 2...
Trace|Image was loaded from file penguins\0002.png
Trace|Loading image 3...
Trace|Image was loaded from file penguins\0003.png
Trace|Loading image 4...
Trace|Image was loaded from file penguins\0004.png
Trace|Loading image 5...
Trace|Image was loaded from file penguins\0005.png
Trace|Loading image 6...
Trace|Image was loaded from file penguins\0006.png
Trace|Loading image 7...
Trace|Image was loaded from file penguins\0007.png
Trace|Loading image 8...
Trace|Image was loaded from file penguins\0008.png
Trace|Loading image 9...
Trace|Image was loaded from file penguins\0009.png
Trace|Loading image 10...
Trace|Image was loaded from file penguins\0010.png
Trace|Loading resources for 3.1.2 'ImageSet'
Trace|Loading resources for 3.2 'TwoDigits'
Trace|Loading resources for 3.2.1 'ImageSet'
Trace|Loading resources for 3.2.2 'ImageSet'
Trace|Loading resources for 5 'Date'
Trace|Loading resources for 5.1 'MonthAndDay'
Trace|Loading resources for 5.1.1 'SeparateMonthAndDay'
Trace|Loading resources for 5.1.1.3 'Number'
Trace|Loading resources for 5.1.1.3.5 'TextAlignment'
Trace|Loading image 11...
Trace|Image was loaded from file penguins\0011.png
Trace|Loading image 12...
Trace|Image was loaded from file penguins\0012.png
Trace|Loading image 13...
Trace|Image was loaded from file penguins\0013.png
Trace|Loading image 14...
Trace|Image was loaded from file penguins\0014.png
Trace|Loading image 15...
Trace|Image was loaded from file penguins\0015.png
Trace|Loading image 16...
Trace|Image was loaded from file penguins\0016.png
Trace|Loading image 17...
Trace|Image was loaded from file penguins\0017.png
Trace|Loading image 18...
Trace|Image was loaded from file penguins\0018.png
Trace|Loading image 19...
Trace|Image was loaded from file penguins\0019.png
Trace|Loading image 20...
Trace|Image was loaded from file penguins\0020.png
Trace|Loading resources for 5.1.3 'Boolean'
Trace|Loading resources for 5.1.4 'Boolean'
Trace|Building parameters for watch face...
Trace|2.1.1 'X': 0
Trace|2.1.2 'Y': 0
Trace|2.1.3 'ImageIndex': 0
Trace|2.1 'Image'
Trace|2 'Background'
Trace|3.1.1.1 'X': 5
Trace|3.1.1.2 'Y': 5
Trace|3.1.1.3 'ImageIndex': 1
Trace|3.1.1.4 'ImagesCount': 10
Trace|3.1.1 'Tens'
Trace|3.1.2.1 'X': 50
Trace|3.1.2.2 'Y': 5
Trace|3.1.2.3 'ImageIndex': 1
Trace|3.1.2.4 'ImagesCount': 10
Trace|3.1.2 'Ones'
Trace|3.1 'Hours'
Trace|3.2.1.1 'X': 5
Trace|3.2.1.2 'Y': 50
Trace|3.2.1.3 'ImageIndex': 1
Trace|3.2.1.4 'ImagesCount': 10
Trace|3.2.1 'Tens'
Trace|3.2.2.1 'X': 50
Trace|3.2.2.2 'Y': 50
Trace|3.2.2.3 'ImageIndex': 1
Trace|3.2.2.4 'ImagesCount': 10
Trace|3.2.2 'Ones'
Trace|3.2 'Minutes'
Trace|3 'Time'
Trace|5.1.1.3.1 'TopLeftX': 50
Trace|5.1.1.3.2 'TopLeftY': 120
Trace|5.1.1.3.3 'BottomRightX': 0
Trace|5.1.1.3.4 'BottomRightY': 0
Trace|5.1.1.3.5 'Alignment': 18
Trace|5.1.1.3.6 'Spacing': 0
Trace|5.1.1.3.7 'ImageIndex': 11
Trace|5.1.1.3.8 'ImagesCount': 10
Trace|5.1.1.3 'Day'
Trace|5.1.1 'Separate'
Trace|5.1.3 'TwoDigitsMonth': 0
Trace|5.1.4 'TwoDigitsDay': 1
Trace|5.1 'MonthAndDay'
Trace|5 'Date'
Debug|Generating previews...
Debug|Writing watch face to 'penguins\penguins_packed.bin'
Trace|Encoding parameters...
Trace|Parameter: 2
Trace|1 (0A):
Trace|    1 (08): 0 (00)
Trace|    2 (10): 0 (00)
Trace|    3 (18): 0 (00)
Trace|8 bytes
Trace|Parameter: 3
Trace|1 (0A):
Trace|    1 (0A):
Trace|        1 (08): 5 (05)
Trace|        2 (10): 5 (05)
Trace|        3 (18): 1 (01)
Trace|        4 (20): 10 (0A)
Trace|    10 bytes
Trace|    2 (12):
Trace|        1 (08): 50 (32)
Trace|        2 (10): 5 (05)
Trace|        3 (18): 1 (01)
Trace|        4 (20): 10 (0A)
Trace|    10 bytes
Trace|22 bytes
Trace|2 (12):
Trace|    1 (0A):
Trace|        1 (08): 5 (05)
Trace|        2 (10): 50 (32)
Trace|        3 (18): 1 (01)
Trace|        4 (20): 10 (0A)
Trace|    10 bytes
Trace|    2 (12):
Trace|        1 (08): 50 (32)
Trace|        2 (10): 50 (32)
Trace|        3 (18): 1 (01)
Trace|        4 (20): 10 (0A)
Trace|    10 bytes
Trace|22 bytes
Trace|Parameter: 5
Trace|1 (0A):
Trace|    1 (0A):
Trace|        3 (1A):
Trace|            1 (08): 50 (32)
Trace|            2 (10): 120 (78)
Trace|            3 (18): 0 (00)
Trace|            4 (20): 0 (00)
Trace|            5 (28): 18 (12)
Trace|            6 (30): 0 (00)
Trace|            7 (38): 11 (0B)
Trace|            8 (40): 10 (0A)
Trace|        18 bytes
Trace|    20 bytes
Trace|    3 (18): 0 (00)
Trace|    4 (20): 1 (01)
Trace|26 bytes
Trace|Encoding offsets and lengths...
Trace|1 (0A):
Trace|    1 (08): 78 (4E)
Trace|    2 (10): 21 (15)
Trace|6 bytes
Trace|2 (12):
Trace|    1 (08): 0 (00)
Trace|    2 (10): 8 (08)
Trace|6 bytes
Trace|3 (1A):
Trace|    1 (08): 8 (08)
Trace|    2 (10): 44 (2C)
Trace|6 bytes
Trace|5 (2A):
Trace|    1 (08): 52 (34)
Trace|    2 (10): 26 (1A)
Trace|6 bytes
Trace|Writing header...
Trace|Writing parameters offsets and lengths...
Trace|Writing parameters...
Trace|Writing images...
Trace|Resource 0 offset is 0...
Debug|Encoding resource 0...
Trace|Writing image in Raw mode
Trace|No Transparency image...
Trace|Writing image header...
Trace|Width: 120, Height: 240, RowLength: 240
Trace|BPP: 16, PaletteColors: 0, Transaparency: 0
Trace|Writing image...
Trace|Resource 1 offset is 57616...
Debug|Encoding resource 1...
Trace|Writing image in Raw mode
Trace|Transparency image...
Trace|Writing image header...
Trace|Width: 40, Height: 50, RowLength: 160
Trace|BPP: 32, PaletteColors: 0, Transaparency: 0
Trace|Writing image...
Trace|Resource 2 offset is 65632...
Debug|Encoding resource 2...
Trace|Writing image in Raw mode
Trace|Transparency image...
Trace|Writing image header...
Trace|Width: 40, Height: 50, RowLength: 160
Trace|BPP: 32, PaletteColors: 0, Transaparency: 0
Trace|Writing image...
Trace|Resource 3 offset is 73648...
Debug|Encoding resource 3...
Trace|Writing image in Raw mode
Trace|Transparency image...
Trace|Writing image header...
Trace|Width: 40, Height: 50, RowLength: 160
Trace|BPP: 32, PaletteColors: 0, Transaparency: 0
Trace|Writing image...
Trace|Resource 4 offset is 81664...
Debug|Encoding resource 4...
Trace|Writing image in Raw mode
Trace|Transparency image...
Trace|Writing image header...
Trace|Width: 40, Height: 50, RowLength: 160
Trace|BPP: 32, PaletteColors: 0, Transaparency: 0
Trace|Writing image...
Trace|Resource 5 offset is 89680...
Debug|Encoding resource 5...
Trace|Writing image in Raw mode
Trace|Transparency image...
Trace|Writing image header...
Trace|Width: 40, Height: 50, RowLength: 160
Trace|BPP: 32, PaletteColors: 0, Transaparency: 0
Trace|Writing image...
Trace|Resource 6 offset is 97696...
Debug|Encoding resource 6...
Trace|Writing image in Raw mode
Trace|Transparency image...
Trace|Writing image header...
Trace|Width: 40, Height: 50, RowLength: 160
Trace|BPP: 32, PaletteColors: 0, Transaparency: 0
Trace|Writing image...
Trace|Resource 7 offset is 105712...
Debug|Encoding resource 7...
Trace|Writing image in Raw mode
Trace|Transparency image...
Trace|Writing image header...
Trace|Width: 40, Height: 50, RowLength: 160
Trace|BPP: 32, PaletteColors: 0, Transaparency: 0
Trace|Writing image...
Trace|Resource 8 offset is 113728...
Debug|Encoding resource 8...
Trace|Writing image in Raw mode
Trace|Transparency image...
Trace|Writing image header...
Trace|Width: 40, Height: 50, RowLength: 160
Trace|BPP: 32, PaletteColors: 0, Transaparency: 0
Trace|Writing image...
Trace|Resource 9 offset is 121744...
Debug|Encoding resource 9...
Trace|Writing image in Raw mode
Trace|Transparency image...
Trace|Writing image header...
Trace|Width: 40, Height: 50, RowLength: 160
Trace|BPP: 32, PaletteColors: 0, Transaparency: 0
Trace|Writing image...
Trace|Resource 10 offset is 129760...
Debug|Encoding resource 10...
Trace|Writing image in Raw mode
Trace|Transparency image...
Trace|Writing image header...
Trace|Width: 40, Height: 50, RowLength: 160
Trace|BPP: 32, PaletteColors: 0, Transaparency: 0
Trace|Writing image...
Trace|Resource 11 offset is 137776...
Debug|Encoding resource 11...
Trace|Writing image in Raw mode
Trace|Transparency image...
Trace|Writing image header...
Trace|Width: 13, Height: 19, RowLength: 52
Trace|BPP: 32, PaletteColors: 0, Transaparency: 0
Trace|Writing image...
Trace|Resource 12 offset is 138780...
Debug|Encoding resource 12...
Trace|Writing image in Raw mode
Trace|Transparency image...
Trace|Writing image header...
Trace|Width: 13, Height: 19, RowLength: 52
Trace|BPP: 32, PaletteColors: 0, Transaparency: 0
Trace|Writing image...
Trace|Resource 13 offset is 139784...
Debug|Encoding resource 13...
Trace|Writing image in Raw mode
Trace|Transparency image...
Trace|Writing image header...
Trace|Width: 13, Height: 19, RowLength: 52
Trace|BPP: 32, PaletteColors: 0, Transaparency: 0
Trace|Writing image...
Trace|Resource 14 offset is 140788...
Debug|Encoding resource 14...
Trace|Writing image in Raw mode
Trace|Transparency image...
Trace|Writing image header...
Trace|Width: 13, Height: 19, RowLength: 52
Trace|BPP: 32, PaletteColors: 0, Transaparency: 0
Trace|Writing image...
Trace|Resource 15 offset is 141792...
Debug|Encoding resource 15...
Trace|Writing image in Raw mode
Trace|Transparency image...
Trace|Writing image header...
Trace|Width: 13, Height: 19, RowLength: 52
Trace|BPP: 32, PaletteColors: 0, Transaparency: 0
Trace|Writing image...
Trace|Resource 16 offset is 142796...
Debug|Encoding resource 16...
Trace|Writing image in Raw mode
Trace|Transparency image...
Trace|Writing image header...
Trace|Width: 13, Height: 19, RowLength: 52
Trace|BPP: 32, PaletteColors: 0, Transaparency: 0
Trace|Writing image...
Trace|Resource 17 offset is 143800...
Debug|Encoding resource 17...
Trace|Writing image in Raw mode
Trace|Transparency image...
Trace|Writing image header...
Trace|Width: 13, Height: 19, RowLength: 52
Trace|BPP: 32, PaletteColors: 0, Transaparency: 0
Trace|Writing image...
Trace|Resource 18 offset is 144804...
Debug|Encoding resource 18...
Trace|Writing image in Raw mode
Trace|Transparency image...
Trace|Writing image header...
Trace|Width: 13, Height: 19, RowLength: 52
Trace|BPP: 32, PaletteColors: 0, Transaparency: 0
Trace|Writing image...
Trace|Resource 19 offset is 145808...
Debug|Encoding resource 19...
Trace|Writing image in Raw mode
Trace|Transparency image...
Trace|Writing image header...
Trace|Width: 13, Height: 19, RowLength: 52
Trace|BPP: 32, PaletteColors: 0, Transaparency: 0
Trace|Writing image...
Trace|Resource 20 offset is 146812...
Debug|Encoding resource 20...
Trace|Writing image in Raw mode
Trace|Transparency image...
Trace|Writing image header...
Trace|Width: 13, Height: 19, RowLength: 52
Trace|BPP: 32, PaletteColors: 0, Transaparency: 0
Trace|Writing image...
Trace|Writing resources offsets table
Debug|Writing resources
Debug|Reading config...
Debug|Reading referenced images from 'penguins'
Trace|Loading resources for 2 'Background'
Trace|Loading resources for 2.1 'ImageBasic'
Trace|Loading image 0...
Trace|Image was loaded from file penguins\0000.png
Trace|Loading resources for 3 'Time'
Trace|Loading resources for 3.1 'TwoDigits'
Trace|Loading resources for 3.1.1 'ImageSet'
Trace|Loading image 1...
Trace|Image was loaded from file penguins\0001.png
Trace|Loading image 2...
Trace|Image was loaded from file penguins\0002.png
Trace|Loading image 3...
Trace|Image was loaded from file penguins\0003.png
Trace|Loading image 4...
Trace|Image was loaded from file penguins\0004.png
Trace|Loading image 5...
Trace|Image was loaded from file penguins\0005.png
Trace|Loading image 6...
Trace|Image was loaded from file penguins\0006.png
Trace|Loading image 7...
Trace|Image was loaded from file penguins\0007.png
Trace|Loading image 8...
Trace|Image was loaded from file penguins\0008.png
Trace|Loading image 9...
Trace|Image was loaded from file penguins\0009.png
Trace|Loading image 10...
Trace|Image was loaded from file penguins\0010.png
Trace|Loading resources for 3.1.2 'ImageSet'
Trace|Loading resources for 3.2 'TwoDigits'
Trace|Loading resources for 3.2.1 'ImageSet'
Trace|Loading resources for 3.2.2 'ImageSet'
Trace|Loading resources for 5 'Date'
Trace|Loading resources for 5.1 'MonthAndDay'
Trace|Loading resources for 5.1.1 'SeparateMonthAndDay'
Trace|Loading resources for 5.1.1.3 'Number'
Trace|Loading resources for 5.1.1.3.5 'TextAlignment'
Trace|Loading image 11...
Trace|Image was loaded from file penguins\0011.png
Trace|Loading image 12...
Trace|Image was loaded from file penguins\0012.png
Trace|Loading image 13...
Trace|Image was loaded from file penguins\0013.png
Trace|Loading image 14...
Trace|Image was loaded from file penguins\0014.png
Trace|Loading image 15...
Trace|Image was loaded from file penguins\0015.png
Trace|Loading image 16...
Trace|Image was loaded from file penguins\0016.png
Trace|Loading image 17...
Trace|Image was loaded from file penguins\0017.png
Trace|Loading image 18...
Trace|Image was loaded from file penguins\0018.png
Trace|Loading image 19...
Trace|Image was loaded from file penguins\0019.png
Trace|Loading image 20...
Trace|Image was loaded from file penguins\0020.png
Trace|Loading resources for 5.1.3 'Boolean'
Trace|Loading resources for 5.1.4 'Boolean'
Trace|Building parameters for watch face...
Trace|2.1.1 'X': 0
Trace|2.1.2 'Y': 0
Trace|2.1.3 'ImageIndex': 0
Trace|2.1 'Image'
Trace|2 'Background'
Trace|3.1.1.1 'X': 5
Trace|3.1.1.2 'Y': 5
Trace|3.1.1.3 'ImageIndex': 1
Trace|3.1.1.4 'ImagesCount': 10
Trace|3.1.1 'Tens'
Trace|3.1.2.1 'X': 50
Trace|3.1.2.2 'Y': 5
Trace|3.1.2.3 'ImageIndex': 1
Trace|3.1.2.4 'ImagesCount': 10
Trace|3.1.2 'Ones'
Trace|3.1 'Hours'
Trace|3.2.1.1 'X': 5
Trace|3.2.1.2 'Y': 50
Trace|3.2.1.3 'ImageIndex': 1
Trace|3.2.1.4 'ImagesCount': 10
Trace|3.2.1 'Tens'
Trace|3.2.2.1 'X': 50
Trace|3.2.2.2 'Y': 50
Trace|3.2.2.3 'ImageIndex': 1
Trace|3.2.2.4 'ImagesCount': 10
Trace|3.2.2 'Ones'
Trace|3.2 'Minutes'
Trace|3 'Time'
Trace|5.1.1.3.1 'TopLeftX': 50
Trace|5.1.1.3.2 'TopLeftY': 120
Trace|5.1.1.3.3 'BottomRightX': 0
Trace|5.1.1.3.4 'BottomRightY': 0
Trace|5.1.1.3.5 'Alignment': 18
Trace|5.1.1.3.6 'Spacing': 0
Trace|5.1.1.3.7 'ImageIndex': 11
Trace|5.1.1.3.8 'ImagesCount': 10
Trace|5.1.1.3 'Day'
Trace|5.1.1 'Separate'
Trace|5.1.3 'TwoDigitsMonth': 0
Trace|5.1.4 'TwoDigitsDay': 1
Trace|5.1 'MonthAndDay'
Trace|5 'Date'
Debug|Generating previews...
Debug|Writing watch face to 'penguins\penguins_packed.bin'
Trace|Encoding parameters...
Trace|Parameter: 2
Trace|1 (0A):
Trace|    1 (08): 0 (00)
Trace|    2 (10): 0 (00)
Trace|    3 (18): 0 (00)
Trace|8 bytes
Trace|Parameter: 3
Trace|1 (0A):
Trace|    1 (0A):
Trace|        1 (08): 5 (05)
Trace|        2 (10): 5 (05)
Trace|        3 (18): 1 (01)
Trace|        4 (20): 10 (0A)
Trace|    10 bytes
Trace|    2 (12):
Trace|        1 (08): 50 (32)
Trace|        2 (10): 5 (05)
Trace|        3 (18): 1 (01)
Trace|        4 (20): 10 (0A)
Trace|    10 bytes
Trace|22 bytes
Trace|2 (12):
Trace|    1 (0A):
Trace|        1 (08): 5 (05)
Trace|        2 (10): 50 (32)
Trace|        3 (18): 1 (01)
Trace|        4 (20): 10 (0A)
Trace|    10 bytes
Trace|    2 (12):
Trace|        1 (08): 50 (32)
Trace|        2 (10): 50 (32)
Trace|        3 (18): 1 (01)
Trace|        4 (20): 10 (0A)
Trace|    10 bytes
Trace|22 bytes
Trace|Parameter: 5
Trace|1 (0A):
Trace|    1 (0A):
Trace|        3 (1A):
Trace|            1 (08): 50 (32)
Trace|            2 (10): 120 (78)
Trace|            3 (18): 0 (00)
Trace|            4 (20): 0 (00)
Trace|            5 (28): 18 (12)
Trace|            6 (30): 0 (00)
Trace|            7 (38): 11 (0B)
Trace|            8 (40): 10 (0A)
Trace|        18 bytes
Trace|    20 bytes
Trace|    3 (18): 0 (00)
Trace|    4 (20): 1 (01)
Trace|26 bytes
Trace|Encoding offsets and lengths...
Trace|1 (0A):
Trace|    1 (08): 78 (4E)
Trace|    2 (10): 21 (15)
Trace|6 bytes
Trace|2 (12):
Trace|    1 (08): 0 (00)
Trace|    2 (10): 8 (08)
Trace|6 bytes
Trace|3 (1A):
Trace|    1 (08): 8 (08)
Trace|    2 (10): 44 (2C)
Trace|6 bytes
Trace|5 (2A):
Trace|    1 (08): 52 (34)
Trace|    2 (10): 26 (1A)
Trace|6 bytes
Trace|Writing header...
Trace|Writing parameters offsets and lengths...
Trace|Writing parameters...
Trace|Writing images...
Trace|Resource 0 offset is 0...
Debug|Encoding resource 0...
Trace|Writing image in Raw mode
Trace|No Transparency image...
Trace|Writing image header...
Trace|Width: 120, Height: 240, RowLength: 240
Trace|BPP: 16, PaletteColors: 0, Transaparency: 0
Trace|Writing image...
Trace|Resource 1 offset is 57616...
Debug|Encoding resource 1...
Trace|Writing image in Raw mode
Trace|Transparency image...
Trace|Writing image header...
Trace|Width: 40, Height: 50, RowLength: 160
Trace|BPP: 32, PaletteColors: 0, Transaparency: 0
Trace|Writing image...
Trace|Resource 2 offset is 65632...
Debug|Encoding resource 2...
Trace|Writing image in Raw mode
Trace|Transparency image...
Trace|Writing image header...
Trace|Width: 40, Height: 50, RowLength: 160
Trace|BPP: 32, PaletteColors: 0, Transaparency: 0
Trace|Writing image...
Trace|Resource 3 offset is 73648...
Debug|Encoding resource 3...
Trace|Writing image in Raw mode
Trace|Transparency image...
Trace|Writing image header...
Trace|Width: 40, Height: 50, RowLength: 160
Trace|BPP: 32, PaletteColors: 0, Transaparency: 0
Trace|Writing image...
Trace|Resource 4 offset is 81664...
Debug|Encoding resource 4...
Trace|Writing image in Raw mode
Trace|Transparency image...
Trace|Writing image header...
Trace|Width: 40, Height: 50, RowLength: 160
Trace|BPP: 32, PaletteColors: 0, Transaparency: 0
Trace|Writing image...
Trace|Resource 5 offset is 89680...
Debug|Encoding resource 5...
Trace|Writing image in Raw mode
Trace|Transparency image...
Trace|Writing image header...
Trace|Width: 40, Height: 50, RowLength: 160
Trace|BPP: 32, PaletteColors: 0, Transaparency: 0
Trace|Writing image...
Trace|Resource 6 offset is 97696...
Debug|Encoding resource 6...
Trace|Writing image in Raw mode
Trace|Transparency image...
Trace|Writing image header...
Trace|Width: 40, Height: 50, RowLength: 160
Trace|BPP: 32, PaletteColors: 0, Transaparency: 0
Trace|Writing image...
Trace|Resource 7 offset is 105712...
Debug|Encoding resource 7...
Trace|Writing image in Raw mode
Trace|Transparency image...
Trace|Writing image header...
Trace|Width: 40, Height: 50, RowLength: 160
Trace|BPP: 32, PaletteColors: 0, Transaparency: 0
Trace|Writing image...
Trace|Resource 8 offset is 113728...
Debug|Encoding resource 8...
Trace|Writing image in Raw mode
Trace|Transparency image...
Trace|Writing image header...
Trace|Width: 40, Height: 50, RowLength: 160
Trace|BPP: 32, PaletteColors: 0, Transaparency: 0
Trace|Writing image...
Trace|Resource 9 offset is 121744...
Debug|Encoding resource 9...
Trace|Writing image in Raw mode
Trace|Transparency image...
Trace|Writing image header...
Trace|Width: 40, Height: 50, RowLength: 160
Trace|BPP: 32, PaletteColors: 0, Transaparency: 0
Trace|Writing image...
Trace|Resource 10 offset is 129760...
Debug|Encoding resource 10...
Trace|Writing image in Raw mode
Trace|Transparency image...
Trace|Writing image header...
Trace|Width: 40, Height: 50, RowLength: 160
Trace|BPP: 32, PaletteColors: 0, Transaparency: 0
Trace|Writing image...
Trace|Resource 11 offset is 137776...
Debug|Encoding resource 11...
Trace|Writing image in Raw mode
Trace|Transparency image...
Trace|Writing image header...
Trace|Width: 13, Height: 19, RowLength: 52
Trace|BPP: 32, PaletteColors: 0, Transaparency: 0
Trace|Writing image...
Trace|Resource 12 offset is 138780...
Debug|Encoding resource 12...
Trace|Writing image in Raw mode
Trace|Transparency image...
Trace|Writing image header...
Trace|Width: 13, Height: 19, RowLength: 52
Trace|BPP: 32, PaletteColors: 0, Transaparency: 0
Trace|Writing image...
Trace|Resource 13 offset is 139784...
Debug|Encoding resource 13...
Trace|Writing image in Raw mode
Trace|Transparency image...
Trace|Writing image header...
Trace|Width: 13, Height: 19, RowLength: 52
Trace|BPP: 32, PaletteColors: 0, Transaparency: 0
Trace|Writing image...
Trace|Resource 14 offset is 140788...
Debug|Encoding resource 14...
Trace|Writing image in Raw mode
Trace|Transparency image...
Trace|Writing image header...
Trace|Width: 13, Height: 19, RowLength: 52
Trace|BPP: 32, PaletteColors: 0, Transaparency: 0
Trace|Writing image...
Trace|Resource 15 offset is 141792...
Debug|Encoding resource 15...
Trace|Writing image in Raw mode
Trace|Transparency image...
Trace|Writing image header...
Trace|Width: 13, Height: 19, RowLength: 52
Trace|BPP: 32, PaletteColors: 0, Transaparency: 0
Trace|Writing image...
Trace|Resource 16 offset is 142796...
Debug|Encoding resource 16...
Trace|Writing image in Raw mode
Trace|Transparency image...
Trace|Writing image header...
Trace|Width: 13, Height: 19, RowLength: 52
Trace|BPP: 32, PaletteColors: 0, Transaparency: 0
Trace|Writing image...
Trace|Resource 17 offset is 143800...
Debug|Encoding resource 17...
Trace|Writing image in Raw mode
Trace|Transparency image...
Trace|Writing image header...
Trace|Width: 13, Height: 19, RowLength: 52
Trace|BPP: 32, PaletteColors: 0, Transaparency: 0
Trace|Writing image...
Trace|Resource 18 offset is 144804...
Debug|Encoding resource 18...
Trace|Writing image in Raw mode
Trace|Transparency image...
Trace|Writing image header...
Trace|Width: 13, Height: 19, RowLength: 52
Trace|BPP: 32, PaletteColors: 0, Transaparency: 0
Trace|Writing image...
Trace|Resource 19 offset is 145808...
Debug|Encoding resource 19...
Trace|Writing image in Raw mode
Trace|Transparency image...
Trace|Writing image header...
Trace|Width: 13, Height: 19, RowLength: 52
Trace|BPP: 32, PaletteColors: 0, Transaparency: 0
Trace|Writing image...
Trace|Resource 20 offset is 146812...
Debug|Encoding resource 20...
Trace|Writing image in Raw mode
Trace|Transparency image...
Trace|Writing image header...
Trace|Width: 13, Height: 19, RowLength: 52
Trace|BPP: 32, PaletteColors: 0, Transaparency: 0
Trace|Writing image...
Trace|Writing resources offsets table
Debug|Writing resources
Debug|Reading config...
Debug|Reading referenced images from 'penguins'
Trace|Loading resources for 2 'Background'
Trace|Loading resources for 2.1 'ImageBasic'
Trace|Loading image 0...
Trace|Image was loaded from file penguins\0000.png
Trace|Loading resources for 3 'Time'
Trace|Loading resources for 3.1 'TwoDigits'
Trace|Loading resources for 3.1.1 'ImageSet'
Trace|Loading image 1...
Trace|Image was loaded from file penguins\0001.png
Trace|Loading image 2...
Trace|Image was loaded from file penguins\0002.png
Trace|Loading image 3...
Trace|Image was loaded from file penguins\0003.png
Trace|Loading image 4...
Trace|Image was loaded from file penguins\0004.png
Trace|Loading image 5...
Trace|Image was loaded from file penguins\0005.png
Trace|Loading image 6...
Trace|Image was loaded from file penguins\0006.png
Trace|Loading image 7...
Trace|Image was loaded from file penguins\0007.png
Trace|Loading image 8...
Trace|Image was loaded from file penguins\0008.png
Trace|Loading image 9...
Trace|Image was loaded from file penguins\0009.png
Trace|Loading image 10...
Trace|Image was loaded from file penguins\0010.png
Trace|Loading resources for 3.1.2 'ImageSet'
Trace|Loading resources for 3.2 'TwoDigits'
Trace|Loading resources for 3.2.1 'ImageSet'
Trace|Loading resources for 3.2.2 'ImageSet'
Trace|Loading resources for 5 'Date'
Trace|Loading resources for 5.1 'MonthAndDay'
Trace|Loading resources for 5.1.1 'SeparateMonthAndDay'
Trace|Loading resources for 5.1.1.3 'Number'
Trace|Loading resources for 5.1.1.3.5 'TextAlignment'
Trace|Loading image 11...
Trace|Image was loaded from file penguins\0011.png
Trace|Loading image 12...
Trace|Image was loaded from file penguins\0012.png
Trace|Loading image 13...
Trace|Image was loaded from file penguins\0013.png
Trace|Loading image 14...
Trace|Image was loaded from file penguins\0014.png
Trace|Loading image 15...
Trace|Image was loaded from file penguins\0015.png
Trace|Loading image 16...
Trace|Image was loaded from file penguins\0016.png
Trace|Loading image 17...
Trace|Image was loaded from file penguins\0017.png
Trace|Loading image 18...
Trace|Image was loaded from file penguins\0018.png
Trace|Loading image 19...
Trace|Image was loaded from file penguins\0019.png
Trace|Loading image 20...
Trace|Image was loaded from file penguins\0020.png
Trace|Loading resources for 5.1.3 'Boolean'
Trace|Loading resources for 5.1.4 'Boolean'
Trace|Building parameters for watch face...
Trace|2.1.1 'X': 0
Trace|2.1.2 'Y': 0
Trace|2.1.3 'ImageIndex': 0
Trace|2.1 'Image'
Trace|2 'Background'
Trace|3.1.1.1 'X': 5
Trace|3.1.1.2 'Y': 5
Trace|3.1.1.3 'ImageIndex': 1
Trace|3.1.1.4 'ImagesCount': 10
Trace|3.1.1 'Tens'
Trace|3.1.2.1 'X': 50
Trace|3.1.2.2 'Y': 5
Trace|3.1.2.3 'ImageIndex': 1
Trace|3.1.2.4 'ImagesCount': 10
Trace|3.1.2 'Ones'
Trace|3.1 'Hours'
Trace|3.2.1.1 'X': 5
Trace|3.2.1.2 'Y': 50
Trace|3.2.1.3 'ImageIndex': 1
Trace|3.2.1.4 'ImagesCount': 10
Trace|3.2.1 'Tens'
Trace|3.2.2.1 'X': 50
Trace|3.2.2.2 'Y': 50
Trace|3.2.2.3 'ImageIndex': 1
Trace|3.2.2.4 'ImagesCount': 10
Trace|3.2.2 'Ones'
Trace|3.2 'Minutes'
Trace|3 'Time'
Trace|5.1.1.3.1 'TopLeftX': 50
Trace|5.1.1.3.2 'TopLeftY': 118
Trace|5.1.1.3.3 'BottomRightX': 0
Trace|5.1.1.3.4 'BottomRightY': 0
Trace|5.1.1.3.5 'Alignment': 18
Trace|5.1.1.3.6 'Spacing': 0
Trace|5.1.1.3.7 'ImageIndex': 11
Trace|5.1.1.3.8 'ImagesCount': 10
Trace|5.1.1.3 'Day'
Trace|5.1.1 'Separate'
Trace|5.1.3 'TwoDigitsMonth': 0
Trace|5.1.4 'TwoDigitsDay': 1
Trace|5.1 'MonthAndDay'
Trace|5 'Date'
Debug|Generating previews...
Debug|Writing watch face to 'penguins\penguins_packed.bin'
Trace|Encoding parameters...
Trace|Parameter: 2
Trace|1 (0A):
Trace|    1 (08): 0 (00)
Trace|    2 (10): 0 (00)
Trace|    3 (18): 0 (00)
Trace|8 bytes
Trace|Parameter: 3
Trace|1 (0A):
Trace|    1 (0A):
Trace|        1 (08): 5 (05)
Trace|        2 (10): 5 (05)
Trace|        3 (18): 1 (01)
Trace|        4 (20): 10 (0A)
Trace|    10 bytes
Trace|    2 (12):
Trace|        1 (08): 50 (32)
Trace|        2 (10): 5 (05)
Trace|        3 (18): 1 (01)
Trace|        4 (20): 10 (0A)
Trace|    10 bytes
Trace|22 bytes
Trace|2 (12):
Trace|    1 (0A):
Trace|        1 (08): 5 (05)
Trace|        2 (10): 50 (32)
Trace|        3 (18): 1 (01)
Trace|        4 (20): 10 (0A)
Trace|    10 bytes
Trace|    2 (12):
Trace|        1 (08): 50 (32)
Trace|        2 (10): 50 (32)
Trace|        3 (18): 1 (01)
Trace|        4 (20): 10 (0A)
Trace|    10 bytes
Trace|22 bytes
Trace|Parameter: 5
Trace|1 (0A):
Trace|    1 (0A):
Trace|        3 (1A):
Trace|            1 (08): 50 (32)
Trace|            2 (10): 118 (76)
Trace|            3 (18): 0 (00)
Trace|            4 (20): 0 (00)
Trace|            5 (28): 18 (12)
Trace|            6 (30): 0 (00)
Trace|            7 (38): 11 (0B)
Trace|            8 (40): 10 (0A)
Trace|        18 bytes
Trace|    20 bytes
Trace|    3 (18): 0 (00)
Trace|    4 (20): 1 (01)
Trace|26 bytes
Trace|Encoding offsets and lengths...
Trace|1 (0A):
Trace|    1 (08): 78 (4E)
Trace|    2 (10): 21 (15)
Trace|6 bytes
Trace|2 (12):
Trace|    1 (08): 0 (00)
Trace|    2 (10): 8 (08)
Trace|6 bytes
Trace|3 (1A):
Trace|    1 (08): 8 (08)
Trace|    2 (10): 44 (2C)
Trace|6 bytes
Trace|5 (2A):
Trace|    1 (08): 52 (34)
Trace|    2 (10): 26 (1A)
Trace|6 bytes
Trace|Writing header...
Trace|Writing parameters offsets and lengths...
Trace|Writing parameters...
Trace|Writing images...
Trace|Resource 0 offset is 0...
Debug|Encoding resource 0...
Trace|Writing image in Raw mode
Trace|No Transparency image...
Trace|Writing image header...
Trace|Width: 120, Height: 240, RowLength: 240
Trace|BPP: 16, PaletteColors: 0, Transaparency: 0
Trace|Writing image...
Trace|Resource 1 offset is 57616...
Debug|Encoding resource 1...
Trace|Writing image in Raw mode
Trace|Transparency image...
Trace|Writing image header...
Trace|Width: 40, Height: 50, RowLength: 160
Trace|BPP: 32, PaletteColors: 0, Transaparency: 0
Trace|Writing image...
Trace|Resource 2 offset is 65632...
Debug|Encoding resource 2...
Trace|Writing image in Raw mode
Trace|Transparency image...
Trace|Writing image header...
Trace|Width: 40, Height: 50, RowLength: 160
Trace|BPP: 32, PaletteColors: 0, Transaparency: 0
Trace|Writing image...
Trace|Resource 3 offset is 73648...
Debug|Encoding resource 3...
Trace|Writing image in Raw mode
Trace|Transparency image...
Trace|Writing image header...
Trace|Width: 40, Height: 50, RowLength: 160
Trace|BPP: 32, PaletteColors: 0, Transaparency: 0
Trace|Writing image...
Trace|Resource 4 offset is 81664...
Debug|Encoding resource 4...
Trace|Writing image in Raw mode
Trace|Transparency image...
Trace|Writing image header...
Trace|Width: 40, Height: 50, RowLength: 160
Trace|BPP: 32, PaletteColors: 0, Transaparency: 0
Trace|Writing image...
Trace|Resource 5 offset is 89680...
Debug|Encoding resource 5...
Trace|Writing image in Raw mode
Trace|Transparency image...
Trace|Writing image header...
Trace|Width: 40, Height: 50, RowLength: 160
Trace|BPP: 32, PaletteColors: 0, Transaparency: 0
Trace|Writing image...
Trace|Resource 6 offset is 97696...
Debug|Encoding resource 6...
Trace|Writing image in Raw mode
Trace|Transparency image...
Trace|Writing image header...
Trace|Width: 40, Height: 50, RowLength: 160
Trace|BPP: 32, PaletteColors: 0, Transaparency: 0
Trace|Writing image...
Trace|Resource 7 offset is 105712...
Debug|Encoding resource 7...
Trace|Writing image in Raw mode
Trace|Transparency image...
Trace|Writing image header...
Trace|Width: 40, Height: 50, RowLength: 160
Trace|BPP: 32, PaletteColors: 0, Transaparency: 0
Trace|Writing image...
Trace|Resource 8 offset is 113728...
Debug|Encoding resource 8...
Trace|Writing image in Raw mode
Trace|Transparency image...
Trace|Writing image header...
Trace|Width: 40, Height: 50, RowLength: 160
Trace|BPP: 32, PaletteColors: 0, Transaparency: 0
Trace|Writing image...
Trace|Resource 9 offset is 121744...
Debug|Encoding resource 9...
Trace|Writing image in Raw mode
Trace|Transparency image...
Trace|Writing image header...
Trace|Width: 40, Height: 50, RowLength: 160
Trace|BPP: 32, PaletteColors: 0, Transaparency: 0
Trace|Writing image...
Trace|Resource 10 offset is 129760...
Debug|Encoding resource 10...
Trace|Writing image in Raw mode
Trace|Transparency image...
Trace|Writing image header...
Trace|Width: 40, Height: 50, RowLength: 160
Trace|BPP: 32, PaletteColors: 0, Transaparency: 0
Trace|Writing image...
Trace|Resource 11 offset is 137776...
Debug|Encoding resource 11...
Trace|Writing image in Raw mode
Trace|Transparency image...
Trace|Writing image header...
Trace|Width: 13, Height: 19, RowLength: 52
Trace|BPP: 32, PaletteColors: 0, Transaparency: 0
Trace|Writing image...
Trace|Resource 12 offset is 138780...
Debug|Encoding resource 12...
Trace|Writing image in Raw mode
Trace|Transparency image...
Trace|Writing image header...
Trace|Width: 13, Height: 19, RowLength: 52
Trace|BPP: 32, PaletteColors: 0, Transaparency: 0
Trace|Writing image...
Trace|Resource 13 offset is 139784...
Debug|Encoding resource 13...
Trace|Writing image in Raw mode
Trace|Transparency image...
Trace|Writing image header...
Trace|Width: 13, Height: 19, RowLength: 52
Trace|BPP: 32, PaletteColors: 0, Transaparency: 0
Trace|Writing image...
Trace|Resource 14 offset is 140788...
Debug|Encoding resource 14...
Trace|Writing image in Raw mode
Trace|Transparency image...
Trace|Writing image header...
Trace|Width: 13, Height: 19, RowLength: 52
Trace|BPP: 32, PaletteColors: 0, Transaparency: 0
Trace|Writing image...
Trace|Resource 15 offset is 141792...
Debug|Encoding resource 15...
Trace|Writing image in Raw mode
Trace|Transparency image...
Trace|Writing image header...
Trace|Width: 13, Height: 19, RowLength: 52
Trace|BPP: 32, PaletteColors: 0, Transaparency: 0
Trace|Writing image...
Trace|Resource 16 offset is 142796...
Debug|Encoding resource 16...
Trace|Writing image in Raw mode
Trace|Transparency image...
Trace|Writing image header...
Trace|Width: 13, Height: 19, RowLength: 52
Trace|BPP: 32, PaletteColors: 0, Transaparency: 0
Trace|Writing image...
Trace|Resource 17 offset is 143800...
Debug|Encoding resource 17...
Trace|Writing image in Raw mode
Trace|Transparency image...
Trace|Writing image header...
Trace|Width: 13, Height: 19, RowLength: 52
Trace|BPP: 32, PaletteColors: 0, Transaparency: 0
Trace|Writing image...
Trace|Resource 18 offset is 144804...
Debug|Encoding resource 18...
Trace|Writing image in Raw mode
Trace|Transparency image...
Trace|Writing image header...
Trace|Width: 13, Height: 19, RowLength: 52
Trace|BPP: 32, PaletteColors: 0, Transaparency: 0
Trace|Writing image...
Trace|Resource 19 offset is 145808...
Debug|Encoding resource 19...
Trace|Writing image in Raw mode
Trace|Transparency image...
Trace|Writing image header...
Trace|Width: 13, Height: 19, RowLength: 52
Trace|BPP: 32, PaletteColors: 0, Transaparency: 0
Trace|Writing image...
Trace|Resource 20 offset is 146812...
Debug|Encoding resource 20...
Trace|Writing image in Raw mode
Trace|Transparency image...
Trace|Writing image header...
Trace|Width: 13, Height: 19, RowLength: 52
Trace|BPP: 32, PaletteColors: 0, Transaparency: 0
Trace|Writing image...
Trace|Writing resources offsets table
Debug|Writing resources
Debug|Reading config...
Debug|Reading referenced images from 'penguins'
Trace|Loading resources for 2 'Background'
Trace|Loading resources for 2.1 'ImageBasic'
Trace|Loading image 0...
Trace|Image was loaded from file penguins\0000.png
Trace|Loading resources for 3 'Time'
Trace|Loading resources for 3.1 'TwoDigits'
Trace|Loading resources for 3.1.1 'ImageSet'
Trace|Loading image 1...
Trace|Image was loaded from file penguins\0001.png
Trace|Loading image 2...
Trace|Image was loaded from file penguins\0002.png
Trace|Loading image 3...
Trace|Image was loaded from file penguins\0003.png
Trace|Loading image 4...
Trace|Image was loaded from file penguins\0004.png
Trace|Loading image 5...
Trace|Image was loaded from file penguins\0005.png
Trace|Loading image 6...
Trace|Image was loaded from file penguins\0006.png
Trace|Loading image 7...
Trace|Image was loaded from file penguins\0007.png
Trace|Loading image 8...
Trace|Image was loaded from file penguins\0008.png
Trace|Loading image 9...
Trace|Image was loaded from file penguins\0009.png
Trace|Loading image 10...
Trace|Image was loaded from file penguins\0010.png
Trace|Loading resources for 3.1.2 'ImageSet'
Trace|Loading resources for 3.2 'TwoDigits'
Trace|Loading resources for 3.2.1 'ImageSet'
Trace|Loading resources for 3.2.2 'ImageSet'
Trace|Loading resources for 5 'Date'
Trace|Loading resources for 5.1 'MonthAndDay'
Trace|Loading resources for 5.1.1 'SeparateMonthAndDay'
Trace|Loading resources for 5.1.1.3 'Number'
Trace|Loading resources for 5.1.1.3.5 'TextAlignment'
Trace|Loading image 11...
Trace|Image was loaded from file penguins\0011.png
Trace|Loading image 12...
Trace|Image was loaded from file penguins\0012.png
Trace|Loading image 13...
Trace|Image was loaded from file penguins\0013.png
Trace|Loading image 14...
Trace|Image was loaded from file penguins\0014.png
Trace|Loading image 15...
Trace|Image was loaded from file penguins\0015.png
Trace|Loading image 16...
Trace|Image was loaded from file penguins\0016.png
Trace|Loading image 17...
Trace|Image was loaded from file penguins\0017.png
Trace|Loading image 18...
Trace|Image was loaded from file penguins\0018.png
Trace|Loading image 19...
Trace|Image was loaded from file penguins\0019.png
Trace|Loading image 20...
Trace|Image was loaded from file penguins\0020.png
Trace|Loading resources for 5.1.3 'Boolean'
Trace|Loading resources for 5.1.4 'Boolean'
Trace|Building parameters for watch face...
Trace|2.1.1 'X': 0
Trace|2.1.2 'Y': 0
Trace|2.1.3 'ImageIndex': 0
Trace|2.1 'Image'
Trace|2 'Background'
Trace|3.1.1.1 'X': 5
Trace|3.1.1.2 'Y': 5
Trace|3.1.1.3 'ImageIndex': 1
Trace|3.1.1.4 'ImagesCount': 10
Trace|3.1.1 'Tens'
Trace|3.1.2.1 'X': 50
Trace|3.1.2.2 'Y': 5
Trace|3.1.2.3 'ImageIndex': 1
Trace|3.1.2.4 'ImagesCount': 10
Trace|3.1.2 'Ones'
Trace|3.1 'Hours'
Trace|3.2.1.1 'X': 5
Trace|3.2.1.2 'Y': 50
Trace|3.2.1.3 'ImageIndex': 1
Trace|3.2.1.4 'ImagesCount': 10
Trace|3.2.1 'Tens'
Trace|3.2.2.1 'X': 50
Trace|3.2.2.2 'Y': 50
Trace|3.2.2.3 'ImageIndex': 1
Trace|3.2.2.4 'ImagesCount': 10
Trace|3.2.2 'Ones'
Trace|3.2 'Minutes'
Trace|3 'Time'
Trace|5.1.1.3.1 'TopLeftX': 48
Trace|5.1.1.3.2 'TopLeftY': 120
Trace|5.1.1.3.3 'BottomRightX': 0
Trace|5.1.1.3.4 'BottomRightY': 0
Trace|5.1.1.3.5 'Alignment': 18
Trace|5.1.1.3.6 'Spacing': 0
Trace|5.1.1.3.7 'ImageIndex': 11
Trace|5.1.1.3.8 'ImagesCount': 10
Trace|5.1.1.3 'Day'
Trace|5.1.1 'Separate'
Trace|5.1.3 'TwoDigitsMonth': 0
Trace|5.1.4 'TwoDigitsDay': 1
Trace|5.1 'MonthAndDay'
Trace|5 'Date'
Debug|Generating previews...
Debug|Writing watch face to 'penguins\penguins_packed.bin'
Trace|Encoding parameters...
Trace|Parameter: 2
Trace|1 (0A):
Trace|    1 (08): 0 (00)
Trace|    2 (10): 0 (00)
Trace|    3 (18): 0 (00)
Trace|8 bytes
Trace|Parameter: 3
Trace|1 (0A):
Trace|    1 (0A):
Trace|        1 (08): 5 (05)
Trace|        2 (10): 5 (05)
Trace|        3 (18): 1 (01)
Trace|        4 (20): 10 (0A)
Trace|    10 bytes
Trace|    2 (12):
Trace|        1 (08): 50 (32)
Trace|        2 (10): 5 (05)
Trace|        3 (18): 1 (01)
Trace|        4 (20): 10 (0A)
Trace|    10 bytes
Trace|22 bytes
Trace|2 (12):
Trace|    1 (0A):
Trace|        1 (08): 5 (05)
Trace|        2 (10): 50 (32)
Trace|        3 (18): 1 (01)
Trace|        4 (20): 10 (0A)
Trace|    10 bytes
Trace|    2 (12):
Trace|        1 (08): 50 (32)
Trace|        2 (10): 50 (32)
Trace|        3 (18): 1 (01)
Trace|        4 (20): 10 (0A)
Trace|    10 bytes
Trace|22 bytes
Trace|Parameter: 5
Trace|1 (0A):
Trace|    1 (0A):
Trace|        3 (1A):
Trace|            1 (08): 48 (30)
Trace|            2 (10): 120 (78)
Trace|            3 (18): 0 (00)
Trace|            4 (20): 0 (00)
Trace|            5 (28): 18 (12)
Trace|            6 (30): 0 (00)
Trace|            7 (38): 11 (0B)
Trace|            8 (40): 10 (0A)
Trace|        18 bytes
Trace|    20 bytes
Trace|    3 (18): 0 (00)
Trace|    4 (20): 1 (01)
Trace|26 bytes
Trace|Encoding offsets and lengths...
Trace|1 (0A):
Trace|    1 (08): 78 (4E)
Trace|    2 (10): 21 (15)
Trace|6 bytes
Trace|2 (12):
Trace|    1 (08): 0 (00)
Trace|    2 (10): 8 (08)
Trace|6 bytes
Trace|3 (1A):
Trace|    1 (08): 8 (08)
Trace|    2 (10): 44 (2C)
Trace|6 bytes
Trace|5 (2A):
Trace|    1 (08): 52 (34)
Trace|    2 (10): 26 (1A)
Trace|6 bytes
Trace|Writing header...
Trace|Writing parameters offsets and lengths...
Trace|Writing parameters...
Trace|Writing images...
Trace|Resource 0 offset is 0...
Debug|Encoding resource 0...
Trace|Writing image in Raw mode
Trace|No Transparency image...
Trace|Writing image header...
Trace|Width: 120, Height: 240, RowLength: 240
Trace|BPP: 16, PaletteColors: 0, Transaparency: 0
Trace|Writing image...
Trace|Resource 1 offset is 57616...
Debug|Encoding resource 1...
Trace|Writing image in Raw mode
Trace|Transparency image...
Trace|Writing image header...
Trace|Width: 40, Height: 50, RowLength: 160
Trace|BPP: 32, PaletteColors: 0, Transaparency: 0
Trace|Writing image...
Trace|Resource 2 offset is 65632...
Debug|Encoding resource 2...
Trace|Writing image in Raw mode
Trace|Transparency image...
Trace|Writing image header...
Trace|Width: 40, Height: 50, RowLength: 160
Trace|BPP: 32, PaletteColors: 0, Transaparency: 0
Trace|Writing image...
Trace|Resource 3 offset is 73648...
Debug|Encoding resource 3...
Trace|Writing image in Raw mode
Trace|Transparency image...
Trace|Writing image header...
Trace|Width: 40, Height: 50, RowLength: 160
Trace|BPP: 32, PaletteColors: 0, Transaparency: 0
Trace|Writing image...
Trace|Resource 4 offset is 81664...
Debug|Encoding resource 4...
Trace|Writing image in Raw mode
Trace|Transparency image...
Trace|Writing image header...
Trace|Width: 40, Height: 50, RowLength: 160
Trace|BPP: 32, PaletteColors: 0, Transaparency: 0
Trace|Writing image...
Trace|Resource 5 offset is 89680...
Debug|Encoding resource 5...
Trace|Writing image in Raw mode
Trace|Transparency image...
Trace|Writing image header...
Trace|Width: 40, Height: 50, RowLength: 160
Trace|BPP: 32, PaletteColors: 0, Transaparency: 0
Trace|Writing image...
Trace|Resource 6 offset is 97696...
Debug|Encoding resource 6...
Trace|Writing image in Raw mode
Trace|Transparency image...
Trace|Writing image header...
Trace|Width: 40, Height: 50, RowLength: 160
Trace|BPP: 32, PaletteColors: 0, Transaparency: 0
Trace|Writing image...
Trace|Resource 7 offset is 105712...
Debug|Encoding resource 7...
Trace|Writing image in Raw mode
Trace|Transparency image...
Trace|Writing image header...
Trace|Width: 40, Height: 50, RowLength: 160
Trace|BPP: 32, PaletteColors: 0, Transaparency: 0
Trace|Writing image...
Trace|Resource 8 offset is 113728...
Debug|Encoding resource 8...
Trace|Writing image in Raw mode
Trace|Transparency image...
Trace|Writing image header...
Trace|Width: 40, Height: 50, RowLength: 160
Trace|BPP: 32, PaletteColors: 0, Transaparency: 0
Trace|Writing image...
Trace|Resource 9 offset is 121744...
Debug|Encoding resource 9...
Trace|Writing image in Raw mode
Trace|Transparency image...
Trace|Writing image header...
Trace|Width: 40, Height: 50, RowLength: 160
Trace|BPP: 32, PaletteColors: 0, Transaparency: 0
Trace|Writing image...
Trace|Resource 10 offset is 129760...
Debug|Encoding resource 10...
Trace|Writing image in Raw mode
Trace|Transparency image...
Trace|Writing image header...
Trace|Width: 40, Height: 50, RowLength: 160
Trace|BPP: 32, PaletteColors: 0, Transaparency: 0
Trace|Writing image...
Trace|Resource 11 offset is 137776...
Debug|Encoding resource 11...
Trace|Writing image in Raw mode
Trace|Transparency image...
Trace|Writing image header...
Trace|Width: 13, Height: 19, RowLength: 52
Trace|BPP: 32, PaletteColors: 0, Transaparency: 0
Trace|Writing image...
Trace|Resource 12 offset is 138780...
Debug|Encoding resource 12...
Trace|Writing image in Raw mode
Trace|Transparency image...
Trace|Writing image header...
Trace|Width: 13, Height: 19, RowLength: 52
Trace|BPP: 32, PaletteColors: 0, Transaparency: 0
Trace|Writing image...
Trace|Resource 13 offset is 139784...
Debug|Encoding resource 13...
Trace|Writing image in Raw mode
Trace|Transparency image...
Trace|Writing image header...
Trace|Width: 13, Height: 19, RowLength: 52
Trace|BPP: 32, PaletteColors: 0, Transaparency: 0
Trace|Writing image...
Trace|Resource 14 offset is 140788...
Debug|Encoding resource 14...
Trace|Writing image in Raw mode
Trace|Transparency image...
Trace|Writing image header...
Trace|Width: 13, Height: 19, RowLength: 52
Trace|BPP: 32, PaletteColors: 0, Transaparency: 0
Trace|Writing image...
Trace|Resource 15 offset is 141792...
Debug|Encoding resource 15...
Trace|Writing image in Raw mode
Trace|Transparency image...
Trace|Writing image header...
Trace|Width: 13, Height: 19, RowLength: 52
Trace|BPP: 32, PaletteColors: 0, Transaparency: 0
Trace|Writing image...
Trace|Resource 16 offset is 142796...
Debug|Encoding resource 16...
Trace|Writing image in Raw mode
Trace|Transparency image...
Trace|Writing image header...
Trace|Width: 13, Height: 19, RowLength: 52
Trace|BPP: 32, PaletteColors: 0, Transaparency: 0
Trace|Writing image...
Trace|Resource 17 offset is 143800...
Debug|Encoding resource 17...
Trace|Writing image in Raw mode
Trace|Transparency image...
Trace|Writing image header...
Trace|Width: 13, Height: 19, RowLength: 52
Trace|BPP: 32, PaletteColors: 0, Transaparency: 0
Trace|Writing image...
Trace|Resource 18 offset is 144804...
Debug|Encoding resource 18...
Trace|Writing image in Raw mode
Trace|Transparency image...
Trace|Writing image header...
Trace|Width: 13, Height: 19, RowLength: 52
Trace|BPP: 32, PaletteColors: 0, Transaparency: 0
Trace|Writing image...
Trace|Resource 19 offset is 145808...
Debug|Encoding resource 19...
Trace|Writing image in Raw mode
Trace|Transparency image...
Trace|Writing image header...
Trace|Width: 13, Height: 19, RowLength: 52
Trace|BPP: 32, PaletteColors: 0, Transaparency: 0
Trace|Writing image...
Trace|Resource 20 offset is 146812...
Debug|Encoding resource 20...
Trace|Writing image in Raw mode
Trace|Transparency image...
Trace|Writing image header...
Trace|Width: 13, Height: 19, RowLength: 52
Trace|BPP: 32, PaletteColors: 0, Transaparency: 0
Trace|Writing image...
Trace|Writing resources offsets table
Debug|Writing resources
